platforms/android/build/outputs/logs/manifest-merger-release-report.txt
-- Merging decision tree log ---
manifest
ADDED from platforms\android\AndroidManifest.xml:2:1-33:12
	package
		ADDED from platforms\android\AndroidManifest.xml:2:98-124
		INJECTED from platforms\android\AndroidManifest.xml
		INJECTED from platforms\android\AndroidManifest.xml
	android:versionName
		ADDED from platforms\android\AndroidManifest.xml:2:72-97
		INJECTED from platforms\android\AndroidManifest.xml
		INJECTED from platforms\android\AndroidManifest.xml
	android:hardwareAccelerated
		ADDED from platforms\android\AndroidManifest.xml:2:11-45
	android:versionCode
		ADDED from platforms\android\AndroidManifest.xml:2:46-71
		INJECTED from platforms\android\AndroidManifest.xml
		INJECTED from platforms\android\AndroidManifest.xml
	xmlns:android
		ADDED from platforms\android\AndroidManifest.xml:2:125-183
supports-screens
ADDED from platforms\android\AndroidManifest.xml:3:5-191
	android:largeScreens
		ADDED from platforms\android\AndroidManifest.xml:3:49-76
	android:smallScreens
		ADDED from platforms\android\AndroidManifest.xml:3:132-159
	android:normalScreens
		ADDED from platforms\android\AndroidManifest.xml:3:77-105
	android:xlargeScreens
		ADDED from platforms\android\AndroidManifest.xml:3:160-188
	android:resizeable
		ADDED from platforms\android\AndroidManifest.xml:3:106-131
	android:anyDensity
		ADDED from platforms\android\AndroidManifest.xml:3:23-48
uses-permission#android.permission.INTERNET
ADDED from platforms\android\AndroidManifest.xml:4:5-67
MERGED from [com.google.firebase:firebase-iid:9.6.0] AndroidManifest.xml:20:5-66
MERGED from [com.google.firebase:firebase-analytics:9.6.0] AndroidManifest.xml:20:5-66
MERGED from [com.google.firebase:firebase-analytics-impl:9.6.0] AndroidManifest.xml:20:5-66
MERGED from [com.google.firebase:firebase-crash:9.6.0] AndroidManifest.xml:18:5-66
MERGED from [com.google.android.gms:play-services-appinvite:9.6.0] AndroidManifest.xml:18:5-66
	android:name
		ADDED from platforms\android\AndroidManifest.xml:4:22-64
uses-permission#android.permission.READ_EXTERNAL_STORAGE
ADDED from platforms\android\AndroidManifest.xml:5:5-80
	android:name
		ADDED from platforms\android\AndroidManifest.xml:5:22-77
uses-permission#android.permission.WRITE_EXTERNAL_STORAGE
ADDED from platforms\android\AndroidManifest.xml:6:5-81
	android:name
		ADDED from platforms\android\AndroidManifest.xml:6:22-78
application
ADDED from platforms\android\AndroidManifest.xml:7:5-31:19
MERGED from [com.android.support:appcompat-v7:24.2.1] AndroidManifest.xml:25:5-20
MERGED from [com.android.support:support-v4:24.2.1] AndroidManifest.xml:25:5-20
MERGED from [com.android.support:support-compat:24.2.1] AndroidManifest.xml:25:5-20
MERGED from [com.android.support:support-media-compat:24.2.1] AndroidManifest.xml:25:5-20
MERGED from [com.android.support:support-core-utils:24.2.1] AndroidManifest.xml:25:5-20
MERGED from [com.android.support:support-core-ui:24.2.1] AndroidManifest.xml:25:5-20
MERGED from [com.android.support:support-fragment:24.2.1] AndroidManifest.xml:25:5-20
MERGED from [com.android.support:support-vector-drawable:24.2.1] AndroidManifest.xml:23:5-20
MERGED from [com.android.support:animated-vector-drawable:24.2.1] AndroidManifest.xml:22:5-20
MERGED from [com.google.firebase:firebase-messaging:9.6.0] AndroidManifest.xml:19:5-29:19
MERGED from [com.google.android.gms:play-services-basement:9.6.0] AndroidManifest.xml:19:5-21:19
MERGED from [com.google.firebase:firebase-iid:9.6.0] AndroidManifest.xml:28:5-50:19
MERGED from [com.google.firebase:firebase-common:9.6.0] AndroidManifest.xml:4:5-7:19
MERGED from [com.google.android.gms:play-services-tasks:9.6.0] AndroidManifest.xml:4:5-19
MERGED from [com.google.firebase:firebase-core:9.6.0] AndroidManifest.xml:5:5-20
MERGED from [com.google.firebase:firebase-analytics:9.6.0] AndroidManifest.xml:24:5-33:19
MERGED from [com.google.firebase:firebase-analytics-impl:9.6.0] AndroidManifest.xml:24:5-28:19
MERGED from [com.google.firebase:firebase-config:9.6.0] AndroidManifest.xml:18:5-19
MERGED from [com.google.android.gms:play-services-base:9.6.0] AndroidManifest.xml:18:5-20:19
MERGED from [com.google.firebase:firebase-crash:9.6.0] AndroidManifest.xml:22:5-28:19
MERGED from [com.google.firebase:firebase-invites:9.6.0] AndroidManifest.xml:5:5-20
MERGED from [com.google.android.gms:play-services-appinvite:9.6.0] AndroidManifest.xml:19:5-26:19
	android:label
		ADDED from platforms\android\AndroidManifest.xml:7:83-115
	android:supportsRtl
		ADDED from platforms\android\AndroidManifest.xml:7:116-142
	android:hardwareAccelerated
		ADDED from platforms\android\AndroidManifest.xml:7:18-52
	android:icon
		ADDED from platforms\android\AndroidManifest.xml:7:53-82
activity#org.cambridgemun.MainActivity
ADDED from platforms\android\AndroidManifest.xml:8:9-25:20
	android:label
		ADDED from platforms\android\AndroidManifest.xml:8:97-134
	android:launchMode
		ADDED from platforms\android\AndroidManifest.xml:8:135-165
	android:windowSoftInputMode
		ADDED from platforms\android\AndroidManifest.xml:8:257-299
	android:configChanges
		ADDED from platforms\android\AndroidManifest.xml:8:19-96
	android:theme
		ADDED from platforms\android\AndroidManifest.xml:8:194-256
	android:name
		ADDED from platforms\android\AndroidManifest.xml:8:166-193
intent-filter#android.intent.action.MAIN+android.intent.category.LAUNCHER
ADDED from platforms\android\AndroidManifest.xml:9:13-12:29
	android:label
		ADDED from platforms\android\AndroidManifest.xml:9:28-65
action#android.intent.action.MAIN
ADDED from platforms\android\AndroidManifest.xml:10:17-69
	android:name
		ADDED from platforms\android\AndroidManifest.xml:10:25-66
category#android.intent.category.LAUNCHER
ADDED from platforms\android\AndroidManifest.xml:11:17-77
	android:name
		ADDED from platforms\android\AndroidManifest.xml:11:27-74
intent-filter#android.intent.action.VIEW+android.intent.category.BROWSABLE+android.intent.category.DEFAULT
ADDED from platforms\android\AndroidManifest.xml:13:13-18:29
	android:autoVerify
		ADDED from platforms\android\AndroidManifest.xml:13:28-53
action#android.intent.action.VIEW
ADDED from platforms\android\AndroidManifest.xml:14:17-69
	android:name
		ADDED from platforms\android\AndroidManifest.xml:14:25-66
category#android.intent.category.DEFAULT
ADDED from platforms\android\AndroidManifest.xml:15:17-76
	android:name
		ADDED from platforms\android\AndroidManifest.xml:15:27-73
category#android.intent.category.BROWSABLE
ADDED from platforms\android\AndroidManifest.xml:16:17-78
	android:name
		ADDED from platforms\android\AndroidManifest.xml:16:27-75
data
ADDED from platforms\android\AndroidManifest.xml:17:17-100
	android:path
		ADDED from platforms\android\AndroidManifest.xml:17:55-74
	android:host
		ADDED from platforms\android\AndroidManifest.xml:17:23-54
	android:scheme
		ADDED from platforms\android\AndroidManifest.xml:17:75-97
receiver#cordova.plugins.Diagnostic$LocationProviderChangedReceiver
ADDED from platforms\android\AndroidManifest.xml:26:9-30:20
	android:name
		ADDED from platforms\android\AndroidManifest.xml:26:19-92
intent-filter#android.location.PROVIDERS_CHANGED
ADDED from platforms\android\AndroidManifest.xml:27:13-29:29
action#android.location.PROVIDERS_CHANGED
ADDED from platforms\android\AndroidManifest.xml:28:17-77
	android:name
		ADDED from platforms\android\AndroidManifest.xml:28:25-74
uses-sdk
ADDED from platforms\android\AndroidManifest.xml:32:5-74
MERGED from [com.android.support:appcompat-v7:24.2.1] AndroidManifest.xml:21:5-23:78
MERGED from [com.android.support:support-v4:24.2.1] AndroidManifest.xml:21:5-23:54
MERGED from [com.android.support:support-compat:24.2.1] AndroidManifest.xml:21:5-23:58
MERGED from [com.android.support:support-media-compat:24.2.1] AndroidManifest.xml:21:5-23:63
MERGED from [com.android.support:support-core-utils:24.2.1] AndroidManifest.xml:21:5-23:61
MERGED from [com.android.support:support-core-ui:24.2.1] AndroidManifest.xml:21:5-23:58
MERGED from [com.android.support:support-fragment:24.2.1] AndroidManifest.xml:21:5-23:60
MERGED from [com.android.support:support-vector-drawable:24.2.1] AndroidManifest.xml:21:5-43
MERGED from [com.android.support:animated-vector-drawable:24.2.1] AndroidManifest.xml:20:5-44
MERGED from [com.google.firebase:firebase-messaging:9.6.0] AndroidManifest.xml:17:5-42
MERGED from [com.google.android.gms:play-services-basement:9.6.0] AndroidManifest.xml:17:5-42
MERGED from [com.google.firebase:firebase-iid:9.6.0] AndroidManifest.xml:17:5-42
MERGED from [com.google.firebase:firebase-common:9.6.0] AndroidManifest.xml:3:5-42
MERGED from [com.google.android.gms:play-services-tasks:9.6.0] AndroidManifest.xml:3:5-42
MERGED from [com.google.firebase:firebase-core:9.6.0] AndroidManifest.xml:4:5-42
MERGED from [com.google.firebase:firebase-analytics:9.6.0] AndroidManifest.xml:17:5-42
MERGED from [com.google.firebase:firebase-analytics-impl:9.6.0] AndroidManifest.xml:17:5-42
MERGED from [com.google.firebase:firebase-config:9.6.0] AndroidManifest.xml:17:5-42
MERGED from [com.google.android.gms:play-services-base:9.6.0] AndroidManifest.xml:17:5-42
MERGED from [com.google.firebase:firebase-crash:9.6.0] AndroidManifest.xml:20:5-42
MERGED from [com.google.firebase:firebase-invites:9.6.0] AndroidManifest.xml:4:5-42
MERGED from [com.google.android.gms:play-services-appinvite:9.6.0] AndroidManifest.xml:17:5-42
MERGED from [android:CordovaLib:unspecified:release] AndroidManifest.xml:25:5-44
	tools:overrideLibrary
		ADDED from [com.android.support:appcompat-v7:24.2.1] AndroidManifest.xml:23:9-75
	android:targetSdkVersion
		ADDED from platforms\android\AndroidManifest.xml:32:42-71
	android:minSdkVersion
		ADDED from platforms\android\AndroidManifest.xml:32:15-41
service#com.google.firebase.messaging.FirebaseMessagingService
ADDED from [com.google.firebase:firebase-messaging:9.6.0] AndroidManifest.xml:23:9-27:19
	android:exported
		ADDED from [com.google.firebase:firebase-messaging:9.6.0] AndroidManifest.xml:23:88-111
	android:name
		ADDED from [com.google.firebase:firebase-messaging:9.6.0] AndroidManifest.xml:23:18-87
intent-filter#com.google.firebase.MESSAGING_EVENT
ADDED from [com.google.firebase:firebase-messaging:9.6.0] AndroidManifest.xml:24:13-26:29
	android:priority
		ADDED from [com.google.firebase:firebase-messaging:9.6.0] AndroidManifest.xml:24:28-51
action#com.google.firebase.MESSAGING_EVENT
ADDED from [com.google.firebase:firebase-messaging:9.6.0] AndroidManifest.xml:25:17-77
	android:name
		ADDED from [com.google.firebase:firebase-messaging:9.6.0] AndroidManifest.xml:25:25-75
meta-data#com.google.android.gms.version
ADDED from [com.google.android.gms:play-services-basement:9.6.0] AndroidManifest.xml:20:9-121
	android:value
		ADDED from [com.google.android.gms:play-services-basement:9.6.0] AndroidManifest.xml:20:66-119
	android:name
		ADDED from [com.google.android.gms:play-services-basement:9.6.0] AndroidManifest.xml:20:20-65
uses-permission#android.permission.ACCESS_NETWORK_STATE
ADDED from [com.google.firebase:firebase-iid:9.6.0] AndroidManifest.xml:19:5-78
MERGED from [com.google.firebase:firebase-analytics:9.6.0] AndroidManifest.xml:21:5-78
MERGED from [com.google.firebase:firebase-analytics-impl:9.6.0] AndroidManifest.xml:21:5-78
	android:name
		ADDED from [com.google.firebase:firebase-iid:9.6.0] AndroidManifest.xml:19:22-76
uses-permission#android.permission.WAKE_LOCK
ADDED from [com.google.firebase:firebase-iid:9.6.0] AndroidManifest.xml:21:5-67
MERGED from [com.google.firebase:firebase-analytics:9.6.0] AndroidManifest.xml:22:5-67
MERGED from [com.google.firebase:firebase-analytics-impl:9.6.0] AndroidManifest.xml:22:5-67
	android:name
		ADDED from [com.google.firebase:firebase-iid:9.6.0] AndroidManifest.xml:21:22-65
uses-permission#com.google.android.c2dm.permission.RECEIVE
ADDED from [com.google.firebase:firebase-iid:9.6.0] AndroidManifest.xml:22:5-81
	android:name
		ADDED from [com.google.firebase:firebase-iid:9.6.0] AndroidManifest.xml:22:22-79
permission#${applicationId}.permission.C2D_MESSAGE
ADDED from [com.google.firebase:firebase-iid:9.6.0] AndroidManifest.xml:24:5-109
	android:protectionLevel
		ADDED from [com.google.firebase:firebase-iid:9.6.0] AndroidManifest.xml:24:72-107
	android:name
		ADDED from [com.google.firebase:firebase-iid:9.6.0] AndroidManifest.xml:24:17-71
uses-permission#${applicationId}.permission.C2D_MESSAGE
ADDED from [com.google.firebase:firebase-iid:9.6.0] AndroidManifest.xml:26:5-78
	android:name
		ADDED from [com.google.firebase:firebase-iid:9.6.0] AndroidManifest.xml:26:22-76
receiver#com.google.firebase.iid.FirebaseInstanceIdReceiver
ADDED from [com.google.firebase:firebase-iid:9.6.0] AndroidManifest.xml:30:9-36:20
	android:exported
		ADDED from [com.google.firebase:firebase-iid:9.6.0] AndroidManifest.xml:30:85-108
	android:permission
		ADDED from [com.google.firebase:firebase-iid:9.6.0] AndroidManifest.xml:30:109-169
	android:name
		ADDED from [com.google.firebase:firebase-iid:9.6.0] AndroidManifest.xml:30:19-84
intent-filter#${applicationId}+com.google.android.c2dm.intent.RECEIVE+com.google.android.c2dm.intent.REGISTRATION
ADDED from [com.google.firebase:firebase-iid:9.6.0] AndroidManifest.xml:31:13-35:29
action#com.google.android.c2dm.intent.RECEIVE
ADDED from [com.google.firebase:firebase-iid:9.6.0] AndroidManifest.xml:32:17-80
	android:name
		ADDED from [com.google.firebase:firebase-iid:9.6.0] AndroidManifest.xml:32:25-78
action#com.google.android.c2dm.intent.REGISTRATION
ADDED from [com.google.firebase:firebase-iid:9.6.0] AndroidManifest.xml:33:17-85
	android:name
		ADDED from [com.google.firebase:firebase-iid:9.6.0] AndroidManifest.xml:33:25-83
category#${applicationId}
ADDED from [com.google.firebase:firebase-iid:9.6.0] AndroidManifest.xml:34:17-60
	android:name
		ADDED from [com.google.firebase:firebase-iid:9.6.0] AndroidManifest.xml:34:27-58
receiver#com.google.firebase.iid.FirebaseInstanceIdInternalReceiver
ADDED from [com.google.firebase:firebase-iid:9.6.0] AndroidManifest.xml:40:9-119
	android:exported
		ADDED from [com.google.firebase:firebase-iid:9.6.0] AndroidManifest.xml:40:93-117
	android:name
		ADDED from [com.google.firebase:firebase-iid:9.6.0] AndroidManifest.xml:40:19-92
service#com.google.firebase.iid.FirebaseInstanceIdService
ADDED from [com.google.firebase:firebase-iid:9.6.0] AndroidManifest.xml:44:9-48:19
	android:exported
		ADDED from [com.google.firebase:firebase-iid:9.6.0] AndroidManifest.xml:44:83-106
	android:name
		ADDED from [com.google.firebase:firebase-iid:9.6.0] AndroidManifest.xml:44:18-82
intent-filter#com.google.firebase.INSTANCE_ID_EVENT
ADDED from [com.google.firebase:firebase-iid:9.6.0] AndroidManifest.xml:45:13-47:29
	android:priority
		ADDED from [com.google.firebase:firebase-iid:9.6.0] AndroidManifest.xml:45:28-51
action#com.google.firebase.INSTANCE_ID_EVENT
ADDED from [com.google.firebase:firebase-iid:9.6.0] AndroidManifest.xml:46:17-79
	android:name
		ADDED from [com.google.firebase:firebase-iid:9.6.0] AndroidManifest.xml:46:25-77
provider#com.google.firebase.provider.FirebaseInitProvider
ADDED from [com.google.firebase:firebase-common:9.6.0] AndroidManifest.xml:6:9-175
	android:authorities
		ADDED from [com.google.firebase:firebase-common:9.6.0] AndroidManifest.xml:6:19-78
	android:exported
		ADDED from [com.google.firebase:firebase-common:9.6.0] AndroidManifest.xml:6:125-149
	android:initOrder
		ADDED from [com.google.firebase:firebase-common:9.6.0] AndroidManifest.xml:6:150-173
	android:name
		ADDED from [com.google.firebase:firebase-common:9.6.0] AndroidManifest.xml:6:79-124
receiver#com.google.android.gms.measurement.AppMeasurementReceiver
ADDED from [com.google.firebase:firebase-analytics:9.6.0] AndroidManifest.xml:25:7-26:18
MERGED from [com.google.firebase:firebase-analytics-impl:9.6.0] AndroidManifest.xml:25:7-26:18
	android:enabled
		ADDED from [com.google.firebase:firebase-analytics:9.6.0] AndroidManifest.xml:25:90-112
	android:exported
		ADDED from [com.google.firebase:firebase-analytics:9.6.0] AndroidManifest.xml:25:113-137
	android:name
		ADDED from [com.google.firebase:firebase-analytics:9.6.0] AndroidManifest.xml:25:17-89
receiver#com.google.android.gms.measurement.AppMeasurementInstallReferrerReceiver
ADDED from [com.google.firebase:firebase-analytics:9.6.0] AndroidManifest.xml:27:7-31:18
	android:enabled
		ADDED from [com.google.firebase:firebase-analytics:9.6.0] AndroidManifest.xml:27:162-184
	android:permission
		ADDED from [com.google.firebase:firebase-analytics:9.6.0] AndroidManifest.xml:27:105-161
	android:name
		ADDED from [com.google.firebase:firebase-analytics:9.6.0] AndroidManifest.xml:27:17-104
intent-filter#com.android.vending.INSTALL_REFERRER
ADDED from [com.google.firebase:firebase-analytics:9.6.0] AndroidManifest.xml:28:11-30:27
action#com.android.vending.INSTALL_REFERRER
ADDED from [com.google.firebase:firebase-analytics:9.6.0] AndroidManifest.xml:29:15-76
	android:name
		ADDED from [com.google.firebase:firebase-analytics:9.6.0] AndroidManifest.xml:29:23-74
service#com.google.android.gms.measurement.AppMeasurementService
ADDED from [com.google.firebase:firebase-analytics:9.6.0] AndroidManifest.xml:32:7-137
MERGED from [com.google.firebase:firebase-analytics-impl:9.6.0] AndroidManifest.xml:27:7-137
	android:enabled
		ADDED from [com.google.firebase:firebase-analytics:9.6.0] AndroidManifest.xml:32:88-110
	android:exported
		ADDED from [com.google.firebase:firebase-analytics:9.6.0] AndroidManifest.xml:32:111-135
	android:name
		ADDED from [com.google.firebase:firebase-analytics:9.6.0] AndroidManifest.xml:32:16-87
activity#com.google.android.gms.common.api.GoogleApiActivity
ADDED from [com.google.android.gms:play-services-base:9.6.0] AndroidManifest.xml:19:9-172
	android:exported
		ADDED from [com.google.android.gms:play-services-base:9.6.0] AndroidManifest.xml:19:146-170
	android:theme
		ADDED from [com.google.android.gms:play-services-base:9.6.0] AndroidManifest.xml:19:86-145
	android:name
		ADDED from [com.google.android.gms:play-services-base:9.6.0] AndroidManifest.xml:19:19-85
service#com.google.firebase.crash.internal.service.FirebaseCrashReceiverService
ADDED from [com.google.firebase:firebase-crash:9.6.0] AndroidManifest.xml:24:9-117
	android:process
		ADDED from [com.google.firebase:firebase-crash:9.6.0] AndroidManifest.xml:24:80-115
	android:name
		ADDED from [com.google.firebase:firebase-crash:9.6.0] AndroidManifest.xml:24:18-79
service#com.google.firebase.crash.internal.service.FirebaseCrashSenderService
ADDED from [com.google.firebase:firebase-crash:9.6.0] AndroidManifest.xml:26:9-115
	android:process
		ADDED from [com.google.firebase:firebase-crash:9.6.0] AndroidManifest.xml:26:78-113
	android:name
		ADDED from [com.google.firebase:firebase-crash:9.6.0] AndroidManifest.xml:26:18-77
activity#com.google.android.gms.appinvite.PreviewActivity
ADDED from [com.google.android.gms:play-services-appinvite:9.6.0] AndroidManifest.xml:20:9-25:20
	android:exported
		ADDED from [com.google.android.gms:play-services-appinvite:9.6.0] AndroidManifest.xml:20:51-74
	android:theme
		ADDED from [com.google.android.gms:play-services-appinvite:9.6.0] AndroidManifest.xml:20:75-121
	android:name
		ADDED from [com.google.android.gms:play-services-appinvite:9.6.0] AndroidManifest.xml:20:19-50
intent-filter#android.intent.category.DEFAULT+com.google.android.gms.appinvite.ACTION_PREVIEW
ADDED from [com.google.android.gms:play-services-appinvite:9.6.0] AndroidManifest.xml:21:13-24:29
action#com.google.android.gms.appinvite.ACTION_PREVIEW
ADDED from [com.google.android.gms:play-services-appinvite:9.6.0] AndroidManifest.xml:22:17-89
	android:name
		ADDED from [com.google.android.gms:play-services-appinvite:9.6.0] AndroidManifest.xml:22:25-87